<?xml version="1.0" encoding="UTF-8"?>
<!-- Generated by org.testng.reporters.JUnitXMLReporter -->
<testsuite ignored="5" hostname="Pc-27" failures="0" tests="1" name="Default test" time="24.983" errors="0" timestamp="2022-09-15T23:59:06 IST">
  <testcase classname="demo.ProductDetailsPageTest" name="productPricePresence" time="7.288"/>
  <testcase classname="demo.ProductDetailsPageTest" name="verifyProductImagePresence" time="0.0">
    <ignored/>
  </testcase> <!-- verifyProductImagePresence -->
  <testcase classname="demo.ProductDetailsPageTest" name="productSpecificationPresence" time="0.0">
    <ignored/>
  </testcase> <!-- productSpecificationPresence -->
  <testcase classname="demo.ProductDetailsPageTest" name="wishListOptionPresence" time="0.0">
    <ignored/>
  </testcase> <!-- wishListOptionPresence -->
  <testcase classname="demo.ProductDetailsPageTest" name="prouctRatingsPresence" time="0.0">
    <ignored/>
  </testcase> <!-- prouctRatingsPresence -->
  <testcase classname="demo.ProductDetailsPageTest" name="addToCartAndBuyNowButtons" time="0.0">
    <ignored/>
  </testcase> <!-- addToCartAndBuyNowButtons -->
</testsuite> <!-- Default test -->
