<?xml version="1.0" encoding="UTF-8"?>
<!-- Generated by org.testng.reporters.JUnitXMLReporter -->
<testsuite ignored="0" hostname="Pc-27" failures="0" tests="6" name="Default test" time="74.93" errors="0" timestamp="2022-09-25T15:03:51 IST">
  <testcase classname="demo.LoginFunctionalityTest" name="loginWithValidCreds" time="8.887"/>
  <testcase classname="demo.LoginFunctionalityTest" name="loginWithValidMailInvalidPass" time="1.709"/>
  <testcase classname="demo.LoginFunctionalityTest" name="loginWithInvalidMailValidPass" time="0.51"/>
  <testcase classname="demo.LoginFunctionalityTest" name="loginWithEmptyMailEmptyPass" time="0.48"/>
  <testcase classname="demo.LoginFunctionalityTest" name="loginWithEmptyMailValidPass" time="0.513"/>
  <testcase classname="demo.LoginFunctionalityTest" name="loginWithValidMailEmptyPass" time="0.507"/>
</testsuite> <!-- Default test -->
