<?xml version="1.0" encoding="UTF-8"?>
<!-- Generated by org.testng.reporters.JUnitXMLReporter -->
<testsuite ignored="0" hostname="Pc-27" failures="0" tests="3" name="FlipcartHomePage" time="37.738" errors="0" timestamp="2022-08-28T14:52:11 IST">
  <testcase classname="demo.HomePageTest" name="verifyFlipcartHomePage" time="0.017"/>
  <testcase classname="demo.HomePageTest" name="loginToflipcartTest" time="4.317"/>
  <testcase classname="demo.HomePageTest" name="logout" time="5.975"/>
</testsuite> <!-- FlipcartHomePage -->
