<?xml version="1.0" encoding="UTF-8"?>
<!-- Generated by org.testng.reporters.JUnitXMLReporter -->
<testsuite ignored="0" hostname="Pc-27" failures="0" tests="7" name="Flipcart Home Page" time="331.993" errors="0" timestamp="2022-09-15T22:20:36 IST">
  <testcase classname="demo.HomePageTest" name="verifyFlipcartHomePage" time="0.031"/>
  <testcase classname="demo.HomePageTest" name="verifyUserName" time="5.91"/>
  <testcase classname="demo.HomePageTest" name="verifyProdCatagories" time="0.607"/>
  <testcase classname="demo.HomePageTest" name="verifySearchFunctionality" time="2.176"/>
  <testcase classname="demo.HomePageTest" name="verifyProductClickableOrNot" time="0.729"/>
  <testcase classname="demo.HomePageTest" name="productSpecificationPageTest" time="8.673"/>
  <testcase classname="demo.HomePageTest" name="logout" time="0.206"/>
</testsuite> <!-- Flipcart Home Page -->
