<?xml version="1.0" encoding="UTF-8"?>
<!-- Generated by org.testng.reporters.JUnitXMLReporter -->
<testsuite ignored="0" hostname="Pc-27" failures="0" tests="6" name="Flipcart Home Page" time="1.304" errors="0" timestamp="2022-11-21T19:30:53 IST">
  <testcase classname="demo.HomePageTest" name="@BeforeClass openBrowser" time="1.014">
    <failure type="io.github.bonigarcia.wdm.config.WebDriverManagerException" message="io.github.bonigarcia.wdm.config.WebDriverManagerException: java.net.UnknownHostException: chromedriver.storage.googleapis.com">
      <![CDATA[io.github.bonigarcia.wdm.config.WebDriverManagerException: io.github.bonigarcia.wdm.config.WebDriverManagerException: java.net.UnknownHostException: chromedriver.storage.googleapis.com
at io.github.bonigarcia.wdm.WebDriverManager.handleException(WebDriverManager.java:1422)
at io.github.bonigarcia.wdm.WebDriverManager.manage(WebDriverManager.java:1203)
at io.github.bonigarcia.wdm.WebDriverManager.fallback(WebDriverManager.java:1438)
at io.github.bonigarcia.wdm.WebDriverManager.handleException(WebDriverManager.java:1419)
at io.github.bonigarcia.wdm.WebDriverManager.manage(WebDriverManager.java:1203)
at io.github.bonigarcia.wdm.WebDriverManager.handleException(WebDriverManager.java:1412)
at io.github.bonigarcia.wdm.WebDriverManager.manage(WebDriverManager.java:1203)
at io.github.bonigarcia.wdm.WebDriverManager.setup(WebDriverManager.java:418)
at resources.Base.startDriver(Base.java:36)
at demo.HomePageTest.openBrowser(HomePageTest.java:26)
at java.base/java.util.ArrayList.forEach(ArrayList.java:1511)
Caused by: io.github.bonigarcia.wdm.config.WebDriverManagerException: java.net.UnknownHostException: chromedriver.storage.googleapis.com
at io.github.bonigarcia.wdm.WebDriverManager.getDriversFromXml(WebDriverManager.java:1576)
at io.github.bonigarcia.wdm.managers.ChromeDriverManager.getDriverUrls(ChromeDriverManager.java:103)
at io.github.bonigarcia.wdm.WebDriverManager.createUrlHandler(WebDriverManager.java:1443)
at io.github.bonigarcia.wdm.WebDriverManager.download(WebDriverManager.java:1278)
at io.github.bonigarcia.wdm.WebDriverManager.manage(WebDriverManager.java:1197)
... 34 more
Caused by: java.net.UnknownHostException: chromedriver.storage.googleapis.com
at java.base/java.net.InetAddress$CachedAddresses.get(InetAddress.java:801)
at java.base/java.net.InetAddress.getAllByName0(InetAddress.java:1509)
at java.base/java.net.InetAddress.getAllByName(InetAddress.java:1367)
at java.base/java.net.InetAddress.getAllByName(InetAddress.java:1301)
at org.apache.hc.client5.http.SystemDefaultDnsResolver.resolve(SystemDefaultDnsResolver.java:43)
at org.apache.hc.client5.http.impl.io.DefaultHttpClientConnectionOperator.connect(DefaultHttpClientConnectionOperator.java:118)
at org.apache.hc.client5.http.impl.io.PoolingHttpClientConnectionManager.connect(PoolingHttpClientConnectionManager.java:396)
at org.apache.hc.client5.http.impl.classic.InternalExecRuntime.connectEndpoint(InternalExecRuntime.java:158)
at org.apache.hc.client5.http.impl.classic.InternalExecRuntime.connectEndpoint(InternalExecRuntime.java:168)
at org.apache.hc.client5.http.impl.classic.ConnectExec.execute(ConnectExec.java:136)
at org.apache.hc.client5.http.impl.classic.ExecChainElement.execute(ExecChainElement.java:51)
at org.apache.hc.client5.http.impl.classic.ExecChainElement$1.proceed(ExecChainElement.java:57)
at org.apache.hc.client5.http.impl.classic.ProtocolExec.execute(ProtocolExec.java:175)
at org.apache.hc.client5.http.impl.classic.ExecChainElement.execute(ExecChainElement.java:51)
at org.apache.hc.client5.http.impl.classic.ExecChainElement$1.proceed(ExecChainElement.java:57)
at org.apache.hc.client5.http.impl.classic.HttpRequestRetryExec.execute(HttpRequestRetryExec.java:96)
at org.apache.hc.client5.http.impl.classic.ExecChainElement.execute(ExecChainElement.java:51)
at org.apache.hc.client5.http.impl.classic.ExecChainElement$1.proceed(ExecChainElement.java:57)
at org.apache.hc.client5.http.impl.classic.ContentCompressionExec.execute(ContentCompressionExec.java:133)
at org.apache.hc.client5.http.impl.classic.ExecChainElement.execute(ExecChainElement.java:51)
at org.apache.hc.client5.http.impl.classic.ExecChainElement$1.proceed(ExecChainElement.java:57)
at org.apache.hc.client5.http.impl.classic.RedirectExec.execute(RedirectExec.java:115)
at org.apache.hc.client5.http.impl.classic.ExecChainElement.execute(ExecChainElement.java:51)
at org.apache.hc.client5.http.impl.classic.InternalHttpClient.doExecute(InternalHttpClient.java:170)
at org.apache.hc.client5.http.impl.classic.CloseableHttpClient.execute(CloseableHttpClient.java:75)
at org.apache.hc.client5.http.impl.classic.CloseableHttpClient.execute(CloseableHttpClient.java:89)
at io.github.bonigarcia.wdm.online.HttpClient.execute(HttpClient.java:158)
at io.github.bonigarcia.wdm.WebDriverManager.getDriversFromXml(WebDriverManager.java:1561)
... 38 more
... Removed 25 stack frames]]>
    </failure>
  </testcase> <!-- @BeforeClass openBrowser -->
  <testcase classname="demo.HomePageTest" name="@AfterMethod navigateToHomePage" time="0.0">
    <skipped/>
  </testcase> <!-- @AfterMethod navigateToHomePage -->
  <testcase classname="demo.HomePageTest" name="@AfterMethod navigateToHomePage" time="0.0">
    <skipped/>
  </testcase> <!-- @AfterMethod navigateToHomePage -->
  <testcase classname="demo.HomePageTest" name="@AfterMethod navigateToHomePage" time="0.0">
    <skipped/>
  </testcase> <!-- @AfterMethod navigateToHomePage -->
  <testcase classname="demo.HomePageTest" name="@AfterMethod navigateToHomePage" time="0.0">
    <skipped/>
  </testcase> <!-- @AfterMethod navigateToHomePage -->
  <testcase classname="demo.HomePageTest" name="@AfterMethod navigateToHomePage" time="0.0">
    <skipped/>
  </testcase> <!-- @AfterMethod navigateToHomePage -->
  <testcase classname="demo.HomePageTest" name="@AfterMethod navigateToHomePage" time="0.0">
    <skipped/>
  </testcase> <!-- @AfterMethod navigateToHomePage -->
  <testcase classname="demo.HomePageTest" name="@AfterClass tearDown" time="0.0">
    <skipped/>
  </testcase> <!-- @AfterClass tearDown -->
  <testcase classname="demo.HomePageTest" name="verifyFlipcartHomePage" time="0.0">
    <skipped/>
  </testcase> <!-- verifyFlipcartHomePage -->
  <testcase classname="demo.HomePageTest" name="verifyUserName" time="0.0">
    <skipped/>
  </testcase> <!-- verifyUserName -->
  <testcase classname="demo.HomePageTest" name="verifyProdCatagories" time="0.0">
    <skipped/>
  </testcase> <!-- verifyProdCatagories -->
  <testcase classname="demo.HomePageTest" name="verifySearchFunctionality" time="0.0">
    <skipped/>
  </testcase> <!-- verifySearchFunctionality -->
  <testcase classname="demo.HomePageTest" name="verifyProductClickableOrNot" time="0.0">
    <skipped/>
  </testcase> <!-- verifyProductClickableOrNot -->
  <testcase classname="demo.HomePageTest" name="productSpecificationPageTest" time="0.0">
    <skipped/>
  </testcase> <!-- productSpecificationPageTest -->
</testsuite> <!-- Flipcart Home Page -->
