<?xml version="1.0" encoding="UTF-8"?>
<!-- Generated by org.testng.reporters.JUnitXMLReporter -->
<testsuite ignored="0" hostname="Pc-27" failures="0" tests="4" name="Flipcart Search Page" time="125.509" errors="0" timestamp="2022-09-15T20:28:04 IST">
  <testcase classname="demo.SearchPageTest" name="verifyFilterOptionsTest" time="2.949"/>
  <testcase classname="demo.SearchPageTest" name="verifySortingOptionsTest" time="3.507"/>
  <testcase classname="demo.SearchPageTest" name="numOfProductsOnOnePage" time="2.612"/>
  <testcase classname="demo.SearchPageTest" name="navigationOptionsTest" time="3.735"/>
</testsuite> <!-- Flipcart Search Page -->
