<?xml version="1.0" encoding="UTF-8"?>
<!-- Generated by org.testng.reporters.JUnitXMLReporter -->
<testsuite ignored="0" hostname="Pc-27" failures="0" tests="6" name="Flipcart ProductDetails Page" time="182.871" errors="0" timestamp="2022-09-15T20:31:07 IST">
  <testcase classname="demo.ProductDetailsPageTest" name="verifyProductImagePresence" time="8.203"/>
  <testcase classname="demo.ProductDetailsPageTest" name="productPricePresence" time="7.064"/>
  <testcase classname="demo.ProductDetailsPageTest" name="productSpecificationPresence" time="6.646"/>
  <testcase classname="demo.ProductDetailsPageTest" name="prouctRatingsPresence" time="9.137"/>
  <testcase classname="demo.ProductDetailsPageTest" name="wishListOptionPresence" time="8.301"/>
  <testcase classname="demo.ProductDetailsPageTest" name="addToCartAndBuyNowButtons" time="11.505"/>
</testsuite> <!-- Flipcart ProductDetails Page -->
