<?xml version="1.0" encoding="UTF-8"?>
<!-- Generated by org.testng.reporters.JUnitXMLReporter -->
<testsuite ignored="0" hostname="Pc-27" failures="0" tests="6" name="LoginFunctionalityTest" time="55.595" errors="0" timestamp="2022-08-28T14:51:33 IST">
  <testcase classname="demo.LoginFunctionalityTest" name="loginWithValidCreds" time="3.373"/>
  <testcase classname="demo.LoginFunctionalityTest" name="loginWithValidMailInvalidPass" time="0.908"/>
  <testcase classname="demo.LoginFunctionalityTest" name="loginWithInvalidMailValidPass" time="0.475"/>
  <testcase classname="demo.LoginFunctionalityTest" name="loginWithEmptyMailEmptyPass" time="0.365"/>
  <testcase classname="demo.LoginFunctionalityTest" name="loginWithEmptyMailValidPass" time="0.441"/>
  <testcase classname="demo.LoginFunctionalityTest" name="loginWithValidMailEmptyPass" time="0.472"/>
</testsuite> <!-- LoginFunctionalityTest -->
