<?xml version="1.0" encoding="UTF-8"?>
<!-- Generated by org.testng.reporters.JUnitXMLReporter -->
<testsuite ignored="0" hostname="Pc-27" failures="0" tests="6" name="LoginFunctionality Test" time="237.741" errors="0" timestamp="2022-09-15T21:39:02 IST">
  <testcase classname="demo.LoginFunctionalityTest" name="loginWithValidCreds" time="4.931"/>
  <testcase classname="demo.LoginFunctionalityTest" name="loginWithValidMailInvalidPass" time="1.33"/>
  <testcase classname="demo.LoginFunctionalityTest" name="loginWithInvalidMailValidPass" time="0.357"/>
  <testcase classname="demo.LoginFunctionalityTest" name="loginWithEmptyMailEmptyPass" time="0.279"/>
  <testcase classname="demo.LoginFunctionalityTest" name="loginWithEmptyMailValidPass" time="0.351"/>
  <testcase classname="demo.LoginFunctionalityTest" name="loginWithValidMailEmptyPass" time="0.371"/>
</testsuite> <!-- LoginFunctionality Test -->
